{"E:\\cloudruletech\\frontend\\src\\App.jsx": {"path":"E:\\cloudruletech\\frontend\\src\\App.jsx","statementMap":{"0":{"start":{"line":10,"column":12},"end":{"line":28,"column":null}},"1":{"start":{"line":11,"column":2},"end":{"line":26,"column":null}}},"fnMap":{"0":{"name":"(anonymous_0)","decl":{"start":{"line":10,"column":12},"end":{"line":10,"column":18}},"loc":{"start":{"line":10,"column":18},"end":{"line":28,"column":null}},"line":10}},"branchMap":{},"s":{"0":1,"1":1},"f":{"0":1},"b":{},"meta":{"lastBranch":0,"lastFunction":1,"lastStatement":2,"seen":{"s:10:12:28:Infinity":0,"f:10:12:10:18":0,"s:11:2:26:Infinity":1}}}
,"E:\\cloudruletech\\frontend\\src\\assets\\Company_Logo\\CR_logo.png": {"path":"E:\\cloudruletech\\frontend\\src\\assets\\Company_Logo\\CR_logo.png","statementMap":{},"fnMap":{},"branchMap":{},"s":{},"f":{},"b":{},"meta":{"lastBranch":0,"lastFunction":0,"lastStatement":0,"seen":{}}}
,"E:\\cloudruletech\\frontend\\src\\components\\Comp_contact\\Comp_contact.jsx": {"path":"E:\\cloudruletech\\frontend\\src\\components\\Comp_contact\\Comp_contact.jsx","statementMap":{"0":{"start":{"line":8,"column":21},"end":{"line":254,"column":null}},"1":{"start":{"line":9,"column":26},"end":{"line":9,"column":null}},"2":{"start":{"line":11,"column":18},"end":{"line":20,"column":null}},"3":{"start":{"line":22,"column":2},"end":{"line":24,"column":null}},"4":{"start":{"line":23,"column":4},"end":{"line":23,"column":null}},"5":{"start":{"line":26,"column":19},"end":{"line":53,"column":null}},"6":{"start":{"line":27,"column":4},"end":{"line":27,"column":null}},"7":{"start":{"line":28,"column":4},"end":{"line":28,"column":null}},"8":{"start":{"line":30,"column":21},"end":{"line":30,"column":null}},"9":{"start":{"line":31,"column":4},"end":{"line":31,"column":null}},"10":{"start":{"line":33,"column":4},"end":{"line":52,"column":null}},"11":{"start":{"line":34,"column":23},"end":{"line":37,"column":null}},"12":{"start":{"line":38,"column":19},"end":{"line":38,"column":null}},"13":{"start":{"line":40,"column":6},"end":{"line":47,"column":null}},"14":{"start":{"line":41,"column":8},"end":{"line":41,"column":null}},"15":{"start":{"line":42,"column":8},"end":{"line":42,"column":null}},"16":{"start":{"line":43,"column":8},"end":{"line":43,"column":null}},"17":{"start":{"line":45,"column":8},"end":{"line":45,"column":null}},"18":{"start":{"line":46,"column":8},"end":{"line":46,"column":null}},"19":{"start":{"line":49,"column":6},"end":{"line":49,"column":null}},"20":{"start":{"line":50,"column":6},"end":{"line":50,"column":null}},"21":{"start":{"line":51,"column":6},"end":{"line":51,"column":null}},"22":{"start":{"line":55,"column":2},"end":{"line":252,"column":null}}},"fnMap":{"0":{"name":"(anonymous_0)","decl":{"start":{"line":8,"column":21},"end":{"line":8,"column":27}},"loc":{"start":{"line":8,"column":27},"end":{"line":254,"column":null}},"line":8},"1":{"name":"(anonymous_1)","decl":{"start":{"line":22,"column":12},"end":{"line":22,"column":18}},"loc":{"start":{"line":22,"column":18},"end":{"line":24,"column":5}},"line":22},"2":{"name":"(anonymous_2)","decl":{"start":{"line":26,"column":19},"end":{"line":26,"column":26}},"loc":{"start":{"line":26,"column":36},"end":{"line":53,"column":null}},"line":26}},"branchMap":{"0":{"loc":{"start":{"line":40,"column":6},"end":{"line":47,"column":null}},"type":"if","locations":[{"start":{"line":40,"column":6},"end":{"line":47,"column":null}},{"start":{"line":44,"column":13},"end":{"line":47,"column":null}}],"line":40},"1":{"loc":{"start":{"line":45,"column":20},"end":{"line":45,"column":55}},"type":"binary-expr","locations":[{"start":{"line":45,"column":20},"end":{"line":45,"column":36}},{"start":{"line":45,"column":36},"end":{"line":45,"column":55}}],"line":45}},"s":{"0":2,"1":6,"2":6,"3":6,"4":4,"5":6,"6":1,"7":1,"8":1,"9":1,"10":1,"11":1,"12":1,"13":1,"14":1,"15":1,"16":1,"17":0,"18":0,"19":0,"20":0,"21":0,"22":6},"f":{"0":6,"1":4,"2":1},"b":{"0":[1,0],"1":[0,0]},"meta":{"lastBranch":2,"lastFunction":3,"lastStatement":23,"seen":{"s:8:21:254:Infinity":0,"f:8:21:8:27":0,"s:9:26:9:Infinity":1,"s:11:18:20:Infinity":2,"s:22:2:24:Infinity":3,"f:22:12:22:18":1,"s:23:4:23:Infinity":4,"s:26:19:53:Infinity":5,"f:26:19:26:26":2,"s:27:4:27:Infinity":6,"s:28:4:28:Infinity":7,"s:30:21:30:Infinity":8,"s:31:4:31:Infinity":9,"s:33:4:52:Infinity":10,"s:34:23:37:Infinity":11,"s:38:19:38:Infinity":12,"b:40:6:47:Infinity:44:13:47:Infinity":0,"s:40:6:47:Infinity":13,"s:41:8:41:Infinity":14,"s:42:8:42:Infinity":15,"s:43:8:43:Infinity":16,"s:45:8:45:Infinity":17,"b:45:20:45:36:45:36:45:55":1,"s:46:8:46:Infinity":18,"s:49:6:49:Infinity":19,"s:50:6:50:Infinity":20,"s:51:6:51:Infinity":21,"s:55:2:252:Infinity":22}}}
,"E:\\cloudruletech\\frontend\\src\\components\\Footer\\Footer.jsx": {"path":"E:\\cloudruletech\\frontend\\src\\components\\Footer\\Footer.jsx","statementMap":{"0":{"start":{"line":4,"column":15},"end":{"line":87,"column":null}},"1":{"start":{"line":5,"column":8},"end":{"line":5,"column":null}},"2":{"start":{"line":7,"column":2},"end":{"line":85,"column":null}},"3":{"start":{"line":44,"column":33},"end":{"line":44,"column":null}},"4":{"start":{"line":52,"column":33},"end":{"line":52,"column":null}},"5":{"start":{"line":60,"column":33},"end":{"line":60,"column":null}}},"fnMap":{"0":{"name":"(anonymous_0)","decl":{"start":{"line":4,"column":15},"end":{"line":4,"column":21}},"loc":{"start":{"line":4,"column":21},"end":{"line":87,"column":null}},"line":4},"1":{"name":"(anonymous_1)","decl":{"start":{"line":44,"column":27},"end":{"line":44,"column":33}},"loc":{"start":{"line":44,"column":33},"end":{"line":44,"column":null}},"line":44},"2":{"name":"(anonymous_2)","decl":{"start":{"line":52,"column":27},"end":{"line":52,"column":33}},"loc":{"start":{"line":52,"column":33},"end":{"line":52,"column":null}},"line":52},"3":{"name":"(anonymous_3)","decl":{"start":{"line":60,"column":27},"end":{"line":60,"column":33}},"loc":{"start":{"line":60,"column":33},"end":{"line":60,"column":null}},"line":60}},"branchMap":{},"s":{"0":2,"1":5,"2":5,"3":1,"4":0,"5":1},"f":{"0":5,"1":1,"2":0,"3":1},"b":{},"meta":{"lastBranch":0,"lastFunction":4,"lastStatement":6,"seen":{"s:4:15:87:Infinity":0,"f:4:15:4:21":0,"s:5:8:5:Infinity":1,"s:7:2:85:Infinity":2,"f:44:27:44:33":1,"s:44:33:44:Infinity":3,"f:52:27:52:33":2,"s:52:33:52:Infinity":4,"f:60:27:60:33":3,"s:60:33:60:Infinity":5}}}
,"E:\\cloudruletech\\frontend\\src\\components\\Navbar\\Navbar.jsx": {"path":"E:\\cloudruletech\\frontend\\src\\components\\Navbar\\Navbar.jsx","statementMap":{"0":{"start":{"line":12,"column":15},"end":{"line":121,"column":null}},"1":{"start":{"line":13,"column":8},"end":{"line":13,"column":null}},"2":{"start":{"line":14,"column":22},"end":{"line":14,"column":null}},"3":{"start":{"line":16,"column":2},"end":{"line":119,"column":null}},"4":{"start":{"line":39,"column":27},"end":{"line":39,"column":null}},"5":{"start":{"line":46,"column":27},"end":{"line":46,"column":null}},"6":{"start":{"line":53,"column":27},"end":{"line":53,"column":null}},"7":{"start":{"line":60,"column":27},"end":{"line":60,"column":null}},"8":{"start":{"line":69,"column":25},"end":{"line":69,"column":null}},"9":{"start":{"line":69,"column":43},"end":{"line":69,"column":48}},"10":{"start":{"line":82,"column":16},"end":{"line":82,"column":null}},"11":{"start":{"line":83,"column":16},"end":{"line":83,"column":null}},"12":{"start":{"line":91,"column":16},"end":{"line":91,"column":null}},"13":{"start":{"line":92,"column":16},"end":{"line":92,"column":null}},"14":{"start":{"line":100,"column":16},"end":{"line":100,"column":null}},"15":{"start":{"line":101,"column":16},"end":{"line":101,"column":null}},"16":{"start":{"line":109,"column":16},"end":{"line":109,"column":null}},"17":{"start":{"line":110,"column":16},"end":{"line":110,"column":null}}},"fnMap":{"0":{"name":"(anonymous_0)","decl":{"start":{"line":12,"column":15},"end":{"line":12,"column":21}},"loc":{"start":{"line":12,"column":21},"end":{"line":121,"column":null}},"line":12},"1":{"name":"(anonymous_1)","decl":{"start":{"line":39,"column":21},"end":{"line":39,"column":27}},"loc":{"start":{"line":39,"column":27},"end":{"line":39,"column":null}},"line":39},"2":{"name":"(anonymous_2)","decl":{"start":{"line":46,"column":21},"end":{"line":46,"column":27}},"loc":{"start":{"line":46,"column":27},"end":{"line":46,"column":null}},"line":46},"3":{"name":"(anonymous_3)","decl":{"start":{"line":53,"column":21},"end":{"line":53,"column":27}},"loc":{"start":{"line":53,"column":27},"end":{"line":53,"column":null}},"line":53},"4":{"name":"(anonymous_4)","decl":{"start":{"line":60,"column":21},"end":{"line":60,"column":27}},"loc":{"start":{"line":60,"column":27},"end":{"line":60,"column":null}},"line":60},"5":{"name":"(anonymous_5)","decl":{"start":{"line":69,"column":19},"end":{"line":69,"column":25}},"loc":{"start":{"line":69,"column":25},"end":{"line":69,"column":null}},"line":69},"6":{"name":"(anonymous_6)","decl":{"start":{"line":69,"column":33},"end":{"line":69,"column":34}},"loc":{"start":{"line":69,"column":43},"end":{"line":69,"column":48}},"line":69},"7":{"name":"(anonymous_7)","decl":{"start":{"line":81,"column":23},"end":{"line":81,"column":29}},"loc":{"start":{"line":81,"column":29},"end":{"line":84,"column":null}},"line":81},"8":{"name":"(anonymous_8)","decl":{"start":{"line":90,"column":23},"end":{"line":90,"column":29}},"loc":{"start":{"line":90,"column":29},"end":{"line":93,"column":null}},"line":90},"9":{"name":"(anonymous_9)","decl":{"start":{"line":99,"column":23},"end":{"line":99,"column":29}},"loc":{"start":{"line":99,"column":29},"end":{"line":102,"column":null}},"line":99},"10":{"name":"(anonymous_10)","decl":{"start":{"line":108,"column":23},"end":{"line":108,"column":29}},"loc":{"start":{"line":108,"column":29},"end":{"line":111,"column":null}},"line":108}},"branchMap":{"0":{"loc":{"start":{"line":72,"column":11},"end":{"line":72,"column":null}},"type":"cond-expr","locations":[{"start":{"line":72,"column":18},"end":{"line":72,"column":32}},{"start":{"line":72,"column":32},"end":{"line":72,"column":null}}],"line":72},"1":{"loc":{"start":{"line":77,"column":7},"end":{"line":117,"column":null}},"type":"binary-expr","locations":[{"start":{"line":77,"column":7},"end":{"line":77,"column":null}},{"start":{"line":78,"column":8},"end":{"line":117,"column":null}}],"line":77}},"s":{"0":2,"1":6,"2":6,"3":6,"4":0,"5":0,"6":0,"7":0,"8":2,"9":2,"10":0,"11":0,"12":0,"13":0,"14":0,"15":0,"16":0,"17":0},"f":{"0":6,"1":0,"2":0,"3":0,"4":0,"5":2,"6":2,"7":0,"8":0,"9":0,"10":0},"b":{"0":[1,5],"1":[6,1]},"meta":{"lastBranch":2,"lastFunction":11,"lastStatement":18,"seen":{"s:12:15:121:Infinity":0,"f:12:15:12:21":0,"s:13:8:13:Infinity":1,"s:14:22:14:Infinity":2,"s:16:2:119:Infinity":3,"f:39:21:39:27":1,"s:39:27:39:Infinity":4,"f:46:21:46:27":2,"s:46:27:46:Infinity":5,"f:53:21:53:27":3,"s:53:27:53:Infinity":6,"f:60:21:60:27":4,"s:60:27:60:Infinity":7,"f:69:19:69:25":5,"s:69:25:69:Infinity":8,"f:69:33:69:34":6,"s:69:43:69:48":9,"b:72:18:72:32:72:32:72:Infinity":0,"b:77:7:77:Infinity:78:8:117:Infinity":1,"f:81:23:81:29":7,"s:82:16:82:Infinity":10,"s:83:16:83:Infinity":11,"f:90:23:90:29":8,"s:91:16:91:Infinity":12,"s:92:16:92:Infinity":13,"f:99:23:99:29":9,"s:100:16:100:Infinity":14,"s:101:16:101:Infinity":15,"f:108:23:108:29":10,"s:109:16:109:Infinity":16,"s:110:16:110:Infinity":17}}}
,"E:\\cloudruletech\\frontend\\src\\components\\Services\\ProcessGrid.jsx": {"path":"E:\\cloudruletech\\frontend\\src\\components\\Services\\ProcessGrid.jsx","statementMap":{"0":{"start":{"line":3,"column":14},"end":{"line":52,"column":null}},"1":{"start":{"line":54,"column":20},"end":{"line":475,"column":null}},"2":{"start":{"line":55,"column":8},"end":{"line":55,"column":null}},"3":{"start":{"line":56,"column":2},"end":{"line":473,"column":null}},"4":{"start":{"line":102,"column":12},"end":{"line":253,"column":null}},"5":{"start":{"line":183,"column":20},"end":{"line":196,"column":null}},"6":{"start":{"line":311,"column":37},"end":{"line":311,"column":59}}},"fnMap":{"0":{"name":"(anonymous_0)","decl":{"start":{"line":54,"column":20},"end":{"line":54,"column":26}},"loc":{"start":{"line":54,"column":26},"end":{"line":475,"column":null}},"line":54},"1":{"name":"(anonymous_1)","decl":{"start":{"line":101,"column":21},"end":{"line":101,"column":22}},"loc":{"start":{"line":102,"column":12},"end":{"line":253,"column":null}},"line":102},"2":{"name":"(anonymous_2)","decl":{"start":{"line":182,"column":47},"end":{"line":182,"column":48}},"loc":{"start":{"line":183,"column":20},"end":{"line":196,"column":null}},"line":183},"3":{"name":"(anonymous_3)","decl":{"start":{"line":311,"column":32},"end":{"line":311,"column":37}},"loc":{"start":{"line":311,"column":37},"end":{"line":311,"column":59}},"line":311}},"branchMap":{"0":{"loc":{"start":{"line":187,"column":26},"end":{"line":189,"column":null}},"type":"cond-expr","locations":[{"start":{"line":188,"column":28},"end":{"line":188,"column":null}},{"start":{"line":189,"column":28},"end":{"line":189,"column":null}}],"line":187},"1":{"loc":{"start":{"line":241,"column":15},"end":{"line":251,"column":null}},"type":"binary-expr","locations":[{"start":{"line":241,"column":15},"end":{"line":241,"column":34}},{"start":{"line":241,"column":34},"end":{"line":241,"column":null}},{"start":{"line":242,"column":16},"end":{"line":251,"column":null}}],"line":241}},"s":{"0":1,"1":1,"2":0,"3":0,"4":0,"5":0,"6":0},"f":{"0":0,"1":0,"2":0,"3":0},"b":{"0":[0,0],"1":[0,0,0]},"meta":{"lastBranch":2,"lastFunction":4,"lastStatement":7,"seen":{"s:3:14:52:Infinity":0,"s:54:20:475:Infinity":1,"f:54:20:54:26":0,"s:55:8:55:Infinity":2,"s:56:2:473:Infinity":3,"f:101:21:101:22":1,"s:102:12:253:Infinity":4,"f:182:47:182:48":2,"s:183:20:196:Infinity":5,"b:188:28:188:Infinity:189:28:189:Infinity":0,"b:241:15:241:34:241:34:241:Infinity:242:16:251:Infinity":1,"f:311:32:311:37":3,"s:311:37:311:59":6}}}
,"E:\\cloudruletech\\frontend\\src\\components\\Services\\ServiceCard.jsx": {"path":"E:\\cloudruletech\\frontend\\src\\components\\Services\\ServiceCard.jsx","statementMap":{"0":{"start":{"line":1,"column":20},"end":{"line":171,"column":null}},"1":{"start":{"line":2,"column":2},"end":{"line":169,"column":null}}},"fnMap":{"0":{"name":"(anonymous_0)","decl":{"start":{"line":1,"column":20},"end":{"line":1,"column":21}},"loc":{"start":{"line":1,"column":51},"end":{"line":171,"column":null}},"line":1}},"branchMap":{},"s":{"0":1,"1":0},"f":{"0":0},"b":{},"meta":{"lastBranch":0,"lastFunction":1,"lastStatement":2,"seen":{"s:1:20:171:Infinity":0,"f:1:20:1:21":0,"s:2:2:169:Infinity":1}}}
,"E:\\cloudruletech\\frontend\\src\\components\\Services\\ServiceGrid.jsx": {"path":"E:\\cloudruletech\\frontend\\src\\components\\Services\\ServiceGrid.jsx","statementMap":{"0":{"start":{"line":5,"column":17},"end":{"line":56,"column":null}},"1":{"start":{"line":58,"column":20},"end":{"line":106,"column":null}},"2":{"start":{"line":59,"column":2},"end":{"line":104,"column":null}},"3":{"start":{"line":87,"column":12},"end":{"line":100,"column":null}}},"fnMap":{"0":{"name":"(anonymous_0)","decl":{"start":{"line":58,"column":20},"end":{"line":58,"column":26}},"loc":{"start":{"line":58,"column":26},"end":{"line":106,"column":null}},"line":58},"1":{"name":"(anonymous_1)","decl":{"start":{"line":86,"column":24},"end":{"line":86,"column":25}},"loc":{"start":{"line":87,"column":12},"end":{"line":100,"column":null}},"line":87}},"branchMap":{},"s":{"0":1,"1":1,"2":0,"3":0},"f":{"0":0,"1":0},"b":{},"meta":{"lastBranch":0,"lastFunction":2,"lastStatement":4,"seen":{"s:5:17:56:Infinity":0,"s:58:20:106:Infinity":1,"f:58:20:58:26":0,"s:59:2:104:Infinity":2,"f:86:24:86:25":1,"s:87:12:100:Infinity":3}}}
,"E:\\cloudruletech\\frontend\\src\\components\\TawkTo\\TawkTo.jsx": {"path":"E:\\cloudruletech\\frontend\\src\\components\\TawkTo\\TawkTo.jsx","statementMap":{"0":{"start":{"line":3,"column":15},"end":{"line":20,"column":null}},"1":{"start":{"line":4,"column":2},"end":{"line":17,"column":null}},"2":{"start":{"line":5,"column":4},"end":{"line":5,"column":null}},"3":{"start":{"line":5,"column":25},"end":{"line":5,"column":null}},"4":{"start":{"line":7,"column":4},"end":{"line":7,"column":null}},"5":{"start":{"line":8,"column":4},"end":{"line":8,"column":null}},"6":{"start":{"line":10,"column":19},"end":{"line":10,"column":null}},"7":{"start":{"line":11,"column":4},"end":{"line":11,"column":null}},"8":{"start":{"line":12,"column":4},"end":{"line":12,"column":null}},"9":{"start":{"line":13,"column":4},"end":{"line":13,"column":null}},"10":{"start":{"line":14,"column":4},"end":{"line":14,"column":null}},"11":{"start":{"line":16,"column":4},"end":{"line":16,"column":null}},"12":{"start":{"line":19,"column":2},"end":{"line":19,"column":null}}},"fnMap":{"0":{"name":"(anonymous_0)","decl":{"start":{"line":3,"column":15},"end":{"line":3,"column":21}},"loc":{"start":{"line":3,"column":21},"end":{"line":20,"column":null}},"line":3},"1":{"name":"(anonymous_1)","decl":{"start":{"line":4,"column":12},"end":{"line":4,"column":18}},"loc":{"start":{"line":4,"column":18},"end":{"line":17,"column":5}},"line":4}},"branchMap":{"0":{"loc":{"start":{"line":5,"column":4},"end":{"line":5,"column":null}},"type":"if","locations":[{"start":{"line":5,"column":4},"end":{"line":5,"column":null}},{"start":{},"end":{}}],"line":5}},"s":{"0":1,"1":1,"2":1,"3":0,"4":1,"5":1,"6":1,"7":1,"8":1,"9":1,"10":1,"11":1,"12":1},"f":{"0":1,"1":1},"b":{"0":[0,1]},"meta":{"lastBranch":1,"lastFunction":2,"lastStatement":13,"seen":{"s:3:15:20:Infinity":0,"f:3:15:3:21":0,"s:4:2:17:Infinity":1,"f:4:12:4:18":1,"b:5:4:5:Infinity:undefined:undefined:undefined:undefined":0,"s:5:4:5:Infinity":2,"s:5:25:5:Infinity":3,"s:7:4:7:Infinity":4,"s:8:4:8:Infinity":5,"s:10:19:10:Infinity":6,"s:11:4:11:Infinity":7,"s:12:4:12:Infinity":8,"s:13:4:13:Infinity":9,"s:14:4:14:Infinity":10,"s:16:4:16:Infinity":11,"s:19:2:19:Infinity":12}}}
,"E:\\cloudruletech\\frontend\\src\\pages\\AboutUs_page\\AboutUs.css": {"path":"E:\\cloudruletech\\frontend\\src\\pages\\AboutUs_page\\AboutUs.css","statementMap":{},"fnMap":{},"branchMap":{},"s":{},"f":{},"b":{},"meta":{"lastBranch":0,"lastFunction":0,"lastStatement":0,"seen":{}}}
,"E:\\cloudruletech\\frontend\\src\\pages\\AboutUs_page\\AboutUs.jsx": {"path":"E:\\cloudruletech\\frontend\\src\\pages\\AboutUs_page\\AboutUs.jsx","statementMap":{"0":{"start":{"line":13,"column":16},"end":{"line":173,"column":null}},"1":{"start":{"line":14,"column":4},"end":{"line":16,"column":null}},"2":{"start":{"line":15,"column":8},"end":{"line":15,"column":null}},"3":{"start":{"line":17,"column":21},"end":{"line":34,"column":null}},"4":{"start":{"line":36,"column":21},"end":{"line":40,"column":null}},"5":{"start":{"line":42,"column":21},"end":{"line":50,"column":null}},"6":{"start":{"line":52,"column":4},"end":{"line":171,"column":null}},"7":{"start":{"line":119,"column":14},"end":{"line":122,"column":null}},"8":{"start":{"line":134,"column":14},"end":{"line":142,"column":null}},"9":{"start":{"line":154,"column":14},"end":{"line":167,"column":null}}},"fnMap":{"0":{"name":"(anonymous_0)","decl":{"start":{"line":13,"column":16},"end":{"line":13,"column":22}},"loc":{"start":{"line":13,"column":22},"end":{"line":173,"column":null}},"line":13},"1":{"name":"(anonymous_1)","decl":{"start":{"line":14,"column":14},"end":{"line":14,"column":19}},"loc":{"start":{"line":14,"column":19},"end":{"line":16,"column":5}},"line":14},"2":{"name":"(anonymous_2)","decl":{"start":{"line":118,"column":26},"end":{"line":118,"column":27}},"loc":{"start":{"line":119,"column":14},"end":{"line":122,"column":null}},"line":119},"3":{"name":"(anonymous_3)","decl":{"start":{"line":133,"column":26},"end":{"line":133,"column":27}},"loc":{"start":{"line":134,"column":14},"end":{"line":142,"column":null}},"line":134},"4":{"name":"(anonymous_4)","decl":{"start":{"line":153,"column":26},"end":{"line":153,"column":27}},"loc":{"start":{"line":154,"column":14},"end":{"line":167,"column":null}},"line":154}},"branchMap":{"0":{"loc":{"start":{"line":160,"column":27},"end":{"line":160,"column":null}},"type":"binary-expr","locations":[{"start":{"line":160,"column":27},"end":{"line":160,"column":46}},{"start":{"line":160,"column":46},"end":{"line":160,"column":null}}],"line":160}},"s":{"0":1,"1":4,"2":4,"3":4,"4":4,"5":4,"6":4,"7":16,"8":12,"9":24},"f":{"0":4,"1":4,"2":16,"3":12,"4":24},"b":{"0":[24,20]},"meta":{"lastBranch":1,"lastFunction":5,"lastStatement":10,"seen":{"s:13:16:173:Infinity":0,"f:13:16:13:22":0,"s:14:4:16:Infinity":1,"f:14:14:14:19":1,"s:15:8:15:Infinity":2,"s:17:21:34:Infinity":3,"s:36:21:40:Infinity":4,"s:42:21:50:Infinity":5,"s:52:4:171:Infinity":6,"f:118:26:118:27":2,"s:119:14:122:Infinity":7,"f:133:26:133:27":3,"s:134:14:142:Infinity":8,"f:153:26:153:27":4,"s:154:14:167:Infinity":9,"b:160:27:160:46:160:46:160:Infinity":0}}}
,"E:\\cloudruletech\\frontend\\src\\pages\\Contact\\Contact.jsx": {"path":"E:\\cloudruletech\\frontend\\src\\pages\\Contact\\Contact.jsx","statementMap":{"0":{"start":{"line":5,"column":16},"end":{"line":11,"column":null}},"1":{"start":{"line":6,"column":2},"end":{"line":9,"column":null}}},"fnMap":{"0":{"name":"(anonymous_0)","decl":{"start":{"line":5,"column":16},"end":{"line":5,"column":22}},"loc":{"start":{"line":5,"column":22},"end":{"line":11,"column":null}},"line":5}},"branchMap":{},"s":{"0":1,"1":0},"f":{"0":0},"b":{},"meta":{"lastBranch":0,"lastFunction":1,"lastStatement":2,"seen":{"s:5:16:11:Infinity":0,"f:5:16:5:22":0,"s:6:2:9:Infinity":1}}}
,"E:\\cloudruletech\\frontend\\src\\pages\\Home\\Home.jsx": {"path":"E:\\cloudruletech\\frontend\\src\\pages\\Home\\Home.jsx","statementMap":{"0":{"start":{"line":5,"column":13},"end":{"line":15,"column":null}},"1":{"start":{"line":6,"column":2},"end":{"line":13,"column":null}}},"fnMap":{"0":{"name":"(anonymous_0)","decl":{"start":{"line":5,"column":13},"end":{"line":5,"column":19}},"loc":{"start":{"line":5,"column":19},"end":{"line":15,"column":null}},"line":5}},"branchMap":{},"s":{"0":1,"1":4},"f":{"0":4},"b":{},"meta":{"lastBranch":0,"lastFunction":1,"lastStatement":2,"seen":{"s:5:13:15:Infinity":0,"f:5:13:5:19":0,"s:6:2:13:Infinity":1}}}
,"E:\\cloudruletech\\frontend\\src\\pages\\Services\\ServicesPage.jsx": {"path":"E:\\cloudruletech\\frontend\\src\\pages\\Services\\ServicesPage.jsx","statementMap":{"0":{"start":{"line":5,"column":21},"end":{"line":253,"column":null}},"1":{"start":{"line":6,"column":2},"end":{"line":8,"column":null}},"2":{"start":{"line":7,"column":4},"end":{"line":7,"column":null}},"3":{"start":{"line":9,"column":2},"end":{"line":251,"column":null}},"4":{"start":{"line":134,"column":18},"end":{"line":184,"column":null}}},"fnMap":{"0":{"name":"(anonymous_0)","decl":{"start":{"line":5,"column":21},"end":{"line":5,"column":27}},"loc":{"start":{"line":5,"column":27},"end":{"line":253,"column":null}},"line":5},"1":{"name":"(anonymous_1)","decl":{"start":{"line":6,"column":12},"end":{"line":6,"column":16}},"loc":{"start":{"line":6,"column":16},"end":{"line":8,"column":3}},"line":6},"2":{"name":"(anonymous_2)","decl":{"start":{"line":133,"column":22},"end":{"line":133,"column":23}},"loc":{"start":{"line":134,"column":18},"end":{"line":184,"column":null}},"line":134}},"branchMap":{},"s":{"0":2,"1":3,"2":3,"3":3,"4":12},"f":{"0":3,"1":3,"2":12},"b":{},"meta":{"lastBranch":0,"lastFunction":3,"lastStatement":5,"seen":{"s:5:21:253:Infinity":0,"f:5:21:5:27":0,"s:6:2:8:Infinity":1,"f:6:12:6:16":1,"s:7:4:7:Infinity":2,"s:9:2:251:Infinity":3,"f:133:22:133:23":2,"s:134:18:184:Infinity":4}}}
}
