{"E:\\cloudruletech\\frontend\\src\\App.jsx": {"path":"E:\\cloudruletech\\frontend\\src\\App.jsx","statementMap":{"0":{"start":{"line":10,"column":12},"end":{"line":28,"column":null}},"1":{"start":{"line":11,"column":2},"end":{"line":26,"column":null}}},"fnMap":{"0":{"name":"(anonymous_0)","decl":{"start":{"line":10,"column":12},"end":{"line":10,"column":18}},"loc":{"start":{"line":10,"column":18},"end":{"line":28,"column":null}},"line":10}},"branchMap":{},"s":{"0":1,"1":1},"f":{"0":1},"b":{},"meta":{"lastBranch":0,"lastFunction":1,"lastStatement":2,"seen":{"s:10:12:28:Infinity":0,"f:10:12:10:18":0,"s:11:2:26:Infinity":1}}}
,"E:\\cloudruletech\\frontend\\src\\components\\Comp_contact\\Comp_contact.jsx": {"path":"E:\\cloudruletech\\frontend\\src\\components\\Comp_contact\\Comp_contact.jsx","statementMap":{"0":{"start":{"line":8,"column":21},"end":{"line":254,"column":null}},"1":{"start":{"line":9,"column":26},"end":{"line":9,"column":null}},"2":{"start":{"line":11,"column":18},"end":{"line":20,"column":null}},"3":{"start":{"line":22,"column":2},"end":{"line":24,"column":null}},"4":{"start":{"line":23,"column":4},"end":{"line":23,"column":null}},"5":{"start":{"line":26,"column":19},"end":{"line":53,"column":null}},"6":{"start":{"line":27,"column":4},"end":{"line":27,"column":null}},"7":{"start":{"line":28,"column":4},"end":{"line":28,"column":null}},"8":{"start":{"line":30,"column":21},"end":{"line":30,"column":null}},"9":{"start":{"line":31,"column":4},"end":{"line":31,"column":null}},"10":{"start":{"line":33,"column":4},"end":{"line":52,"column":null}},"11":{"start":{"line":34,"column":23},"end":{"line":37,"column":null}},"12":{"start":{"line":38,"column":19},"end":{"line":38,"column":null}},"13":{"start":{"line":40,"column":6},"end":{"line":47,"column":null}},"14":{"start":{"line":41,"column":8},"end":{"line":41,"column":null}},"15":{"start":{"line":42,"column":8},"end":{"line":42,"column":null}},"16":{"start":{"line":43,"column":8},"end":{"line":43,"column":null}},"17":{"start":{"line":45,"column":8},"end":{"line":45,"column":null}},"18":{"start":{"line":46,"column":8},"end":{"line":46,"column":null}},"19":{"start":{"line":49,"column":6},"end":{"line":49,"column":null}},"20":{"start":{"line":50,"column":6},"end":{"line":50,"column":null}},"21":{"start":{"line":51,"column":6},"end":{"line":51,"column":null}},"22":{"start":{"line":55,"column":2},"end":{"line":252,"column":null}}},"fnMap":{"0":{"name":"(anonymous_0)","decl":{"start":{"line":8,"column":21},"end":{"line":8,"column":27}},"loc":{"start":{"line":8,"column":27},"end":{"line":254,"column":null}},"line":8},"1":{"name":"(anonymous_1)","decl":{"start":{"line":22,"column":12},"end":{"line":22,"column":18}},"loc":{"start":{"line":22,"column":18},"end":{"line":24,"column":5}},"line":22},"2":{"name":"(anonymous_2)","decl":{"start":{"line":26,"column":19},"end":{"line":26,"column":26}},"loc":{"start":{"line":26,"column":36},"end":{"line":53,"column":null}},"line":26}},"branchMap":{"0":{"loc":{"start":{"line":40,"column":6},"end":{"line":47,"column":null}},"type":"if","locations":[{"start":{"line":40,"column":6},"end":{"line":47,"column":null}},{"start":{"line":44,"column":13},"end":{"line":47,"column":null}}],"line":40},"1":{"loc":{"start":{"line":45,"column":20},"end":{"line":45,"column":55}},"type":"binary-expr","locations":[{"start":{"line":45,"column":20},"end":{"line":45,"column":36}},{"start":{"line":45,"column":36},"end":{"line":45,"column":55}}],"line":45}},"s":{"0":2,"1":6,"2":6,"3":6,"4":4,"5":6,"6":1,"7":1,"8":1,"9":1,"10":1,"11":1,"12":1,"13":1,"14":1,"15":1,"16":1,"17":0,"18":0,"19":0,"20":0,"21":0,"22":6},"f":{"0":6,"1":4,"2":1},"b":{"0":[1,0],"1":[0,0]},"meta":{"lastBranch":2,"lastFunction":3,"lastStatement":23,"seen":{"s:8:21:254:Infinity":0,"f:8:21:8:27":0,"s:9:26:9:Infinity":1,"s:11:18:20:Infinity":2,"s:22:2:24:Infinity":3,"f:22:12:22:18":1,"s:23:4:23:Infinity":4,"s:26:19:53:Infinity":5,"f:26:19:26:26":2,"s:27:4:27:Infinity":6,"s:28:4:28:Infinity":7,"s:30:21:30:Infinity":8,"s:31:4:31:Infinity":9,"s:33:4:52:Infinity":10,"s:34:23:37:Infinity":11,"s:38:19:38:Infinity":12,"b:40:6:47:Infinity:44:13:47:Infinity":0,"s:40:6:47:Infinity":13,"s:41:8:41:Infinity":14,"s:42:8:42:Infinity":15,"s:43:8:43:Infinity":16,"s:45:8:45:Infinity":17,"b:45:20:45:36:45:36:45:55":1,"s:46:8:46:Infinity":18,"s:49:6:49:Infinity":19,"s:50:6:50:Infinity":20,"s:51:6:51:Infinity":21,"s:55:2:252:Infinity":22}}}
,"E:\\cloudruletech\\frontend\\src\\components\\Footer\\Footer.jsx": {"path":"E:\\cloudruletech\\frontend\\src\\components\\Footer\\Footer.jsx","statementMap":{"0":{"start":{"line":3,"column":15},"end":{"line":86,"column":null}},"1":{"start":{"line":4,"column":8},"end":{"line":4,"column":null}},"2":{"start":{"line":6,"column":2},"end":{"line":84,"column":null}},"3":{"start":{"line":37,"column":38},"end":{"line":37,"column":53}},"4":{"start":{"line":43,"column":33},"end":{"line":43,"column":null}},"5":{"start":{"line":51,"column":33},"end":{"line":51,"column":null}},"6":{"start":{"line":59,"column":33},"end":{"line":59,"column":null}}},"fnMap":{"0":{"name":"(anonymous_0)","decl":{"start":{"line":3,"column":15},"end":{"line":3,"column":21}},"loc":{"start":{"line":3,"column":21},"end":{"line":86,"column":null}},"line":3},"1":{"name":"(anonymous_1)","decl":{"start":{"line":37,"column":33},"end":{"line":37,"column":38}},"loc":{"start":{"line":37,"column":38},"end":{"line":37,"column":53}},"line":37},"2":{"name":"(anonymous_2)","decl":{"start":{"line":43,"column":27},"end":{"line":43,"column":33}},"loc":{"start":{"line":43,"column":33},"end":{"line":43,"column":null}},"line":43},"3":{"name":"(anonymous_3)","decl":{"start":{"line":51,"column":27},"end":{"line":51,"column":33}},"loc":{"start":{"line":51,"column":33},"end":{"line":51,"column":null}},"line":51},"4":{"name":"(anonymous_4)","decl":{"start":{"line":59,"column":27},"end":{"line":59,"column":33}},"loc":{"start":{"line":59,"column":33},"end":{"line":59,"column":null}},"line":59}},"branchMap":{},"s":{"0":2,"1":5,"2":5,"3":0,"4":1,"5":0,"6":1},"f":{"0":5,"1":0,"2":1,"3":0,"4":1},"b":{},"meta":{"lastBranch":0,"lastFunction":5,"lastStatement":7,"seen":{"s:3:15:86:Infinity":0,"f:3:15:3:21":0,"s:4:8:4:Infinity":1,"s:6:2:84:Infinity":2,"f:37:33:37:38":1,"s:37:38:37:53":3,"f:43:27:43:33":2,"s:43:33:43:Infinity":4,"f:51:27:51:33":3,"s:51:33:51:Infinity":5,"f:59:27:59:33":4,"s:59:33:59:Infinity":6}}}
,"E:\\cloudruletech\\frontend\\src\\components\\Navbar\\Navbar.jsx": {"path":"E:\\cloudruletech\\frontend\\src\\components\\Navbar\\Navbar.jsx","statementMap":{"0":{"start":{"line":12,"column":15},"end":{"line":122,"column":null}},"1":{"start":{"line":13,"column":8},"end":{"line":13,"column":null}},"2":{"start":{"line":14,"column":22},"end":{"line":14,"column":null}},"3":{"start":{"line":16,"column":2},"end":{"line":120,"column":null}},"4":{"start":{"line":38,"column":27},"end":{"line":38,"column":null}},"5":{"start":{"line":44,"column":27},"end":{"line":44,"column":null}},"6":{"start":{"line":50,"column":27},"end":{"line":50,"column":null}},"7":{"start":{"line":56,"column":27},"end":{"line":56,"column":null}},"8":{"start":{"line":65,"column":25},"end":{"line":65,"column":null}},"9":{"start":{"line":65,"column":43},"end":{"line":65,"column":48}},"10":{"start":{"line":83,"column":16},"end":{"line":83,"column":null}},"11":{"start":{"line":84,"column":16},"end":{"line":84,"column":null}},"12":{"start":{"line":92,"column":16},"end":{"line":92,"column":null}},"13":{"start":{"line":93,"column":16},"end":{"line":93,"column":null}},"14":{"start":{"line":101,"column":16},"end":{"line":101,"column":null}},"15":{"start":{"line":102,"column":16},"end":{"line":102,"column":null}},"16":{"start":{"line":110,"column":16},"end":{"line":110,"column":null}},"17":{"start":{"line":111,"column":16},"end":{"line":111,"column":null}}},"fnMap":{"0":{"name":"(anonymous_0)","decl":{"start":{"line":12,"column":15},"end":{"line":12,"column":21}},"loc":{"start":{"line":12,"column":21},"end":{"line":122,"column":null}},"line":12},"1":{"name":"(anonymous_1)","decl":{"start":{"line":38,"column":21},"end":{"line":38,"column":27}},"loc":{"start":{"line":38,"column":27},"end":{"line":38,"column":null}},"line":38},"2":{"name":"(anonymous_2)","decl":{"start":{"line":44,"column":21},"end":{"line":44,"column":27}},"loc":{"start":{"line":44,"column":27},"end":{"line":44,"column":null}},"line":44},"3":{"name":"(anonymous_3)","decl":{"start":{"line":50,"column":21},"end":{"line":50,"column":27}},"loc":{"start":{"line":50,"column":27},"end":{"line":50,"column":null}},"line":50},"4":{"name":"(anonymous_4)","decl":{"start":{"line":56,"column":21},"end":{"line":56,"column":27}},"loc":{"start":{"line":56,"column":27},"end":{"line":56,"column":null}},"line":56},"5":{"name":"(anonymous_5)","decl":{"start":{"line":65,"column":19},"end":{"line":65,"column":25}},"loc":{"start":{"line":65,"column":25},"end":{"line":65,"column":null}},"line":65},"6":{"name":"(anonymous_6)","decl":{"start":{"line":65,"column":33},"end":{"line":65,"column":34}},"loc":{"start":{"line":65,"column":43},"end":{"line":65,"column":48}},"line":65},"7":{"name":"(anonymous_7)","decl":{"start":{"line":82,"column":23},"end":{"line":82,"column":29}},"loc":{"start":{"line":82,"column":29},"end":{"line":85,"column":null}},"line":82},"8":{"name":"(anonymous_8)","decl":{"start":{"line":91,"column":23},"end":{"line":91,"column":29}},"loc":{"start":{"line":91,"column":29},"end":{"line":94,"column":null}},"line":91},"9":{"name":"(anonymous_9)","decl":{"start":{"line":100,"column":23},"end":{"line":100,"column":29}},"loc":{"start":{"line":100,"column":29},"end":{"line":103,"column":null}},"line":100},"10":{"name":"(anonymous_10)","decl":{"start":{"line":109,"column":23},"end":{"line":109,"column":29}},"loc":{"start":{"line":109,"column":29},"end":{"line":112,"column":null}},"line":109}},"branchMap":{"0":{"loc":{"start":{"line":70,"column":11},"end":{"line":70,"column":null}},"type":"cond-expr","locations":[{"start":{"line":70,"column":18},"end":{"line":70,"column":32}},{"start":{"line":70,"column":32},"end":{"line":70,"column":null}}],"line":70},"1":{"loc":{"start":{"line":75,"column":7},"end":{"line":118,"column":null}},"type":"binary-expr","locations":[{"start":{"line":75,"column":7},"end":{"line":75,"column":null}},{"start":{"line":76,"column":8},"end":{"line":118,"column":null}}],"line":75}},"s":{"0":2,"1":6,"2":6,"3":6,"4":0,"5":0,"6":0,"7":0,"8":2,"9":2,"10":0,"11":0,"12":0,"13":0,"14":0,"15":0,"16":0,"17":0},"f":{"0":6,"1":0,"2":0,"3":0,"4":0,"5":2,"6":2,"7":0,"8":0,"9":0,"10":0},"b":{"0":[1,5],"1":[6,1]},"meta":{"lastBranch":2,"lastFunction":11,"lastStatement":18,"seen":{"s:12:15:122:Infinity":0,"f:12:15:12:21":0,"s:13:8:13:Infinity":1,"s:14:22:14:Infinity":2,"s:16:2:120:Infinity":3,"f:38:21:38:27":1,"s:38:27:38:Infinity":4,"f:44:21:44:27":2,"s:44:27:44:Infinity":5,"f:50:21:50:27":3,"s:50:27:50:Infinity":6,"f:56:21:56:27":4,"s:56:27:56:Infinity":7,"f:65:19:65:25":5,"s:65:25:65:Infinity":8,"f:65:33:65:34":6,"s:65:43:65:48":9,"b:70:18:70:32:70:32:70:Infinity":0,"b:75:7:75:Infinity:76:8:118:Infinity":1,"f:82:23:82:29":7,"s:83:16:83:Infinity":10,"s:84:16:84:Infinity":11,"f:91:23:91:29":8,"s:92:16:92:Infinity":12,"s:93:16:93:Infinity":13,"f:100:23:100:29":9,"s:101:16:101:Infinity":14,"s:102:16:102:Infinity":15,"f:109:23:109:29":10,"s:110:16:110:Infinity":16,"s:111:16:111:Infinity":17}}}
,"E:\\cloudruletech\\frontend\\src\\components\\Services\\ProcessGrid.jsx": {"path":"E:\\cloudruletech\\frontend\\src\\components\\Services\\ProcessGrid.jsx","statementMap":{"0":{"start":{"line":3,"column":14},"end":{"line":52,"column":null}},"1":{"start":{"line":54,"column":20},"end":{"line":475,"column":null}},"2":{"start":{"line":55,"column":8},"end":{"line":55,"column":null}},"3":{"start":{"line":56,"column":2},"end":{"line":473,"column":null}},"4":{"start":{"line":102,"column":12},"end":{"line":253,"column":null}},"5":{"start":{"line":183,"column":20},"end":{"line":196,"column":null}},"6":{"start":{"line":311,"column":37},"end":{"line":311,"column":59}}},"fnMap":{"0":{"name":"(anonymous_0)","decl":{"start":{"line":54,"column":20},"end":{"line":54,"column":26}},"loc":{"start":{"line":54,"column":26},"end":{"line":475,"column":null}},"line":54},"1":{"name":"(anonymous_1)","decl":{"start":{"line":101,"column":21},"end":{"line":101,"column":22}},"loc":{"start":{"line":102,"column":12},"end":{"line":253,"column":null}},"line":102},"2":{"name":"(anonymous_2)","decl":{"start":{"line":182,"column":47},"end":{"line":182,"column":48}},"loc":{"start":{"line":183,"column":20},"end":{"line":196,"column":null}},"line":183},"3":{"name":"(anonymous_3)","decl":{"start":{"line":311,"column":32},"end":{"line":311,"column":37}},"loc":{"start":{"line":311,"column":37},"end":{"line":311,"column":59}},"line":311}},"branchMap":{"0":{"loc":{"start":{"line":187,"column":26},"end":{"line":189,"column":null}},"type":"cond-expr","locations":[{"start":{"line":188,"column":28},"end":{"line":188,"column":null}},{"start":{"line":189,"column":28},"end":{"line":189,"column":null}}],"line":187},"1":{"loc":{"start":{"line":241,"column":15},"end":{"line":251,"column":null}},"type":"binary-expr","locations":[{"start":{"line":241,"column":15},"end":{"line":241,"column":34}},{"start":{"line":241,"column":34},"end":{"line":241,"column":null}},{"start":{"line":242,"column":16},"end":{"line":251,"column":null}}],"line":241}},"s":{"0":1,"1":1,"2":0,"3":0,"4":0,"5":0,"6":0},"f":{"0":0,"1":0,"2":0,"3":0},"b":{"0":[0,0],"1":[0,0,0]},"meta":{"lastBranch":2,"lastFunction":4,"lastStatement":7,"seen":{"s:3:14:52:Infinity":0,"s:54:20:475:Infinity":1,"f:54:20:54:26":0,"s:55:8:55:Infinity":2,"s:56:2:473:Infinity":3,"f:101:21:101:22":1,"s:102:12:253:Infinity":4,"f:182:47:182:48":2,"s:183:20:196:Infinity":5,"b:188:28:188:Infinity:189:28:189:Infinity":0,"b:241:15:241:34:241:34:241:Infinity:242:16:251:Infinity":1,"f:311:32:311:37":3,"s:311:37:311:59":6}}}
,"E:\\cloudruletech\\frontend\\src\\components\\Services\\ServiceCard.jsx": {"path":"E:\\cloudruletech\\frontend\\src\\components\\Services\\ServiceCard.jsx","statementMap":{"0":{"start":{"line":1,"column":20},"end":{"line":171,"column":null}},"1":{"start":{"line":2,"column":2},"end":{"line":169,"column":null}}},"fnMap":{"0":{"name":"(anonymous_0)","decl":{"start":{"line":1,"column":20},"end":{"line":1,"column":21}},"loc":{"start":{"line":1,"column":51},"end":{"line":171,"column":null}},"line":1}},"branchMap":{},"s":{"0":1,"1":0},"f":{"0":0},"b":{},"meta":{"lastBranch":0,"lastFunction":1,"lastStatement":2,"seen":{"s:1:20:171:Infinity":0,"f:1:20:1:21":0,"s:2:2:169:Infinity":1}}}
,"E:\\cloudruletech\\frontend\\src\\components\\Services\\ServiceGrid.jsx": {"path":"E:\\cloudruletech\\frontend\\src\\components\\Services\\ServiceGrid.jsx","statementMap":{"0":{"start":{"line":5,"column":17},"end":{"line":56,"column":null}},"1":{"start":{"line":58,"column":20},"end":{"line":106,"column":null}},"2":{"start":{"line":59,"column":2},"end":{"line":104,"column":null}},"3":{"start":{"line":87,"column":12},"end":{"line":100,"column":null}}},"fnMap":{"0":{"name":"(anonymous_0)","decl":{"start":{"line":58,"column":20},"end":{"line":58,"column":26}},"loc":{"start":{"line":58,"column":26},"end":{"line":106,"column":null}},"line":58},"1":{"name":"(anonymous_1)","decl":{"start":{"line":86,"column":24},"end":{"line":86,"column":25}},"loc":{"start":{"line":87,"column":12},"end":{"line":100,"column":null}},"line":87}},"branchMap":{},"s":{"0":1,"1":1,"2":0,"3":0},"f":{"0":0,"1":0},"b":{},"meta":{"lastBranch":0,"lastFunction":2,"lastStatement":4,"seen":{"s:5:17:56:Infinity":0,"s:58:20:106:Infinity":1,"f:58:20:58:26":0,"s:59:2:104:Infinity":2,"f:86:24:86:25":1,"s:87:12:100:Infinity":3}}}
,"E:\\cloudruletech\\frontend\\src\\components\\TawkTo\\TawkTo.jsx": {"path":"E:\\cloudruletech\\frontend\\src\\components\\TawkTo\\TawkTo.jsx","statementMap":{"0":{"start":{"line":3,"column":15},"end":{"line":20,"column":null}},"1":{"start":{"line":4,"column":2},"end":{"line":17,"column":null}},"2":{"start":{"line":5,"column":4},"end":{"line":5,"column":null}},"3":{"start":{"line":5,"column":25},"end":{"line":5,"column":null}},"4":{"start":{"line":7,"column":4},"end":{"line":7,"column":null}},"5":{"start":{"line":8,"column":4},"end":{"line":8,"column":null}},"6":{"start":{"line":10,"column":19},"end":{"line":10,"column":null}},"7":{"start":{"line":11,"column":4},"end":{"line":11,"column":null}},"8":{"start":{"line":12,"column":4},"end":{"line":12,"column":null}},"9":{"start":{"line":13,"column":4},"end":{"line":13,"column":null}},"10":{"start":{"line":14,"column":4},"end":{"line":14,"column":null}},"11":{"start":{"line":16,"column":4},"end":{"line":16,"column":null}},"12":{"start":{"line":19,"column":2},"end":{"line":19,"column":null}}},"fnMap":{"0":{"name":"(anonymous_0)","decl":{"start":{"line":3,"column":15},"end":{"line":3,"column":21}},"loc":{"start":{"line":3,"column":21},"end":{"line":20,"column":null}},"line":3},"1":{"name":"(anonymous_1)","decl":{"start":{"line":4,"column":12},"end":{"line":4,"column":18}},"loc":{"start":{"line":4,"column":18},"end":{"line":17,"column":5}},"line":4}},"branchMap":{"0":{"loc":{"start":{"line":5,"column":4},"end":{"line":5,"column":null}},"type":"if","locations":[{"start":{"line":5,"column":4},"end":{"line":5,"column":null}},{"start":{},"end":{}}],"line":5}},"s":{"0":1,"1":1,"2":1,"3":0,"4":1,"5":1,"6":1,"7":1,"8":1,"9":1,"10":1,"11":1,"12":1},"f":{"0":1,"1":1},"b":{"0":[0,1]},"meta":{"lastBranch":1,"lastFunction":2,"lastStatement":13,"seen":{"s:3:15:20:Infinity":0,"f:3:15:3:21":0,"s:4:2:17:Infinity":1,"f:4:12:4:18":1,"b:5:4:5:Infinity:undefined:undefined:undefined:undefined":0,"s:5:4:5:Infinity":2,"s:5:25:5:Infinity":3,"s:7:4:7:Infinity":4,"s:8:4:8:Infinity":5,"s:10:19:10:Infinity":6,"s:11:4:11:Infinity":7,"s:12:4:12:Infinity":8,"s:13:4:13:Infinity":9,"s:14:4:14:Infinity":10,"s:16:4:16:Infinity":11,"s:19:2:19:Infinity":12}}}
,"E:\\cloudruletech\\frontend\\src\\pages\\AboutUs_page\\AboutUs.css": {"path":"E:\\cloudruletech\\frontend\\src\\pages\\AboutUs_page\\AboutUs.css","statementMap":{},"fnMap":{},"branchMap":{},"s":{},"f":{},"b":{},"meta":{"lastBranch":0,"lastFunction":0,"lastStatement":0,"seen":{}}}
,"E:\\cloudruletech\\frontend\\src\\pages\\AboutUs_page\\AboutUs.jsx": {"path":"E:\\cloudruletech\\frontend\\src\\pages\\AboutUs_page\\AboutUs.jsx","statementMap":{"0":{"start":{"line":13,"column":16},"end":{"line":181,"column":null}},"1":{"start":{"line":14,"column":2},"end":{"line":16,"column":null}},"2":{"start":{"line":15,"column":4},"end":{"line":15,"column":null}},"3":{"start":{"line":17,"column":19},"end":{"line":34,"column":null}},"4":{"start":{"line":36,"column":19},"end":{"line":40,"column":null}},"5":{"start":{"line":42,"column":19},"end":{"line":62,"column":null}},"6":{"start":{"line":64,"column":2},"end":{"line":179,"column":null}},"7":{"start":{"line":127,"column":12},"end":{"line":130,"column":null}},"8":{"start":{"line":142,"column":12},"end":{"line":150,"column":null}},"9":{"start":{"line":162,"column":12},"end":{"line":175,"column":null}}},"fnMap":{"0":{"name":"(anonymous_0)","decl":{"start":{"line":13,"column":16},"end":{"line":13,"column":22}},"loc":{"start":{"line":13,"column":22},"end":{"line":181,"column":null}},"line":13},"1":{"name":"(anonymous_1)","decl":{"start":{"line":14,"column":12},"end":{"line":14,"column":18}},"loc":{"start":{"line":14,"column":18},"end":{"line":16,"column":3}},"line":14},"2":{"name":"(anonymous_2)","decl":{"start":{"line":126,"column":24},"end":{"line":126,"column":25}},"loc":{"start":{"line":127,"column":12},"end":{"line":130,"column":null}},"line":127},"3":{"name":"(anonymous_3)","decl":{"start":{"line":141,"column":24},"end":{"line":141,"column":25}},"loc":{"start":{"line":142,"column":12},"end":{"line":150,"column":null}},"line":142},"4":{"name":"(anonymous_4)","decl":{"start":{"line":161,"column":24},"end":{"line":161,"column":25}},"loc":{"start":{"line":162,"column":12},"end":{"line":175,"column":null}},"line":162}},"branchMap":{"0":{"loc":{"start":{"line":168,"column":25},"end":{"line":168,"column":null}},"type":"binary-expr","locations":[{"start":{"line":168,"column":25},"end":{"line":168,"column":44}},{"start":{"line":168,"column":44},"end":{"line":168,"column":null}}],"line":168}},"s":{"0":1,"1":4,"2":4,"3":4,"4":4,"5":4,"6":4,"7":16,"8":12,"9":24},"f":{"0":4,"1":4,"2":16,"3":12,"4":24},"b":{"0":[24,20]},"meta":{"lastBranch":1,"lastFunction":5,"lastStatement":10,"seen":{"s:13:16:181:Infinity":0,"f:13:16:13:22":0,"s:14:2:16:Infinity":1,"f:14:12:14:18":1,"s:15:4:15:Infinity":2,"s:17:19:34:Infinity":3,"s:36:19:40:Infinity":4,"s:42:19:62:Infinity":5,"s:64:2:179:Infinity":6,"f:126:24:126:25":2,"s:127:12:130:Infinity":7,"f:141:24:141:25":3,"s:142:12:150:Infinity":8,"f:161:24:161:25":4,"s:162:12:175:Infinity":9,"b:168:25:168:44:168:44:168:Infinity":0}}}
,"E:\\cloudruletech\\frontend\\src\\pages\\Contact\\Contact.jsx": {"path":"E:\\cloudruletech\\frontend\\src\\pages\\Contact\\Contact.jsx","statementMap":{"0":{"start":{"line":5,"column":16},"end":{"line":11,"column":null}},"1":{"start":{"line":6,"column":2},"end":{"line":9,"column":null}}},"fnMap":{"0":{"name":"(anonymous_0)","decl":{"start":{"line":5,"column":16},"end":{"line":5,"column":22}},"loc":{"start":{"line":5,"column":22},"end":{"line":11,"column":null}},"line":5}},"branchMap":{},"s":{"0":1,"1":0},"f":{"0":0},"b":{},"meta":{"lastBranch":0,"lastFunction":1,"lastStatement":2,"seen":{"s:5:16:11:Infinity":0,"f:5:16:5:22":0,"s:6:2:9:Infinity":1}}}
,"E:\\cloudruletech\\frontend\\src\\pages\\Home\\Home.jsx": {"path":"E:\\cloudruletech\\frontend\\src\\pages\\Home\\Home.jsx","statementMap":{"0":{"start":{"line":6,"column":13},"end":{"line":19,"column":null}},"1":{"start":{"line":7,"column":2},"end":{"line":9,"column":null}},"2":{"start":{"line":8,"column":4},"end":{"line":8,"column":null}},"3":{"start":{"line":10,"column":2},"end":{"line":17,"column":null}}},"fnMap":{"0":{"name":"(anonymous_0)","decl":{"start":{"line":6,"column":13},"end":{"line":6,"column":19}},"loc":{"start":{"line":6,"column":19},"end":{"line":19,"column":null}},"line":6},"1":{"name":"(anonymous_1)","decl":{"start":{"line":7,"column":12},"end":{"line":7,"column":18}},"loc":{"start":{"line":7,"column":18},"end":{"line":9,"column":3}},"line":7}},"branchMap":{},"s":{"0":1,"1":4,"2":4,"3":4},"f":{"0":4,"1":4},"b":{},"meta":{"lastBranch":0,"lastFunction":2,"lastStatement":4,"seen":{"s:6:13:19:Infinity":0,"f:6:13:6:19":0,"s:7:2:9:Infinity":1,"f:7:12:7:18":1,"s:8:4:8:Infinity":2,"s:10:2:17:Infinity":3}}}
,"E:\\cloudruletech\\frontend\\src\\pages\\Services\\ServicesPage.jsx": {"path":"E:\\cloudruletech\\frontend\\src\\pages\\Services\\ServicesPage.jsx","statementMap":{"0":{"start":{"line":5,"column":21},"end":{"line":253,"column":null}},"1":{"start":{"line":6,"column":2},"end":{"line":8,"column":null}},"2":{"start":{"line":7,"column":4},"end":{"line":7,"column":null}},"3":{"start":{"line":9,"column":2},"end":{"line":251,"column":null}},"4":{"start":{"line":134,"column":18},"end":{"line":184,"column":null}}},"fnMap":{"0":{"name":"(anonymous_0)","decl":{"start":{"line":5,"column":21},"end":{"line":5,"column":27}},"loc":{"start":{"line":5,"column":27},"end":{"line":253,"column":null}},"line":5},"1":{"name":"(anonymous_1)","decl":{"start":{"line":6,"column":12},"end":{"line":6,"column":16}},"loc":{"start":{"line":6,"column":16},"end":{"line":8,"column":3}},"line":6},"2":{"name":"(anonymous_2)","decl":{"start":{"line":133,"column":22},"end":{"line":133,"column":23}},"loc":{"start":{"line":134,"column":18},"end":{"line":184,"column":null}},"line":134}},"branchMap":{},"s":{"0":2,"1":3,"2":3,"3":3,"4":12},"f":{"0":3,"1":3,"2":12},"b":{},"meta":{"lastBranch":0,"lastFunction":3,"lastStatement":5,"seen":{"s:5:21:253:Infinity":0,"f:5:21:5:27":0,"s:6:2:8:Infinity":1,"f:6:12:6:16":1,"s:7:4:7:Infinity":2,"s:9:2:251:Infinity":3,"f:133:22:133:23":2,"s:134:18:184:Infinity":4}}}
}
